<?xml version="1.0" encoding="UTF-8"?>
<!-- Generated by org.testng.reporters.JUnitXMLReporter -->
<testsuite hostname="DESKTOP-P1HF71B" ignored="0" tests="16" failures="1" timestamp="04 May 2022 05:24:35 GMT" time="147.717" errors="0">
  <testcase name="invokeBrowser" time="1.559" classname="SastoDeal"/>
  <testcase name="enterUrl" time="16.536" classname="SastoDeal"/>
  <testcase name="checkTitle" time="0.008" classname="SastoDeal"/>
  <testcase name="moveCursor" time="5.173" classname="SastoDeal"/>
  <testcase name="clickProductCategory" time="8.259" classname="SastoDeal"/>
  <testcase name="clickItem" time="10.627" classname="SastoDeal"/>
  <testcase name="addToCart" time="0.328" classname="SastoDeal"/>
  <testcase name="enterEmail" time="0.282" classname="SastoDeal"/>
  <testcase name="enterPassword" time="0.176" classname="SastoDeal"/>
  <testcase name="clickSignIn" time="0.192" classname="SastoDeal"/>
  <testcase name="addToCartAfterLogin" time="10.137" classname="SastoDeal"/>
  <testcase name="goToCart" time="3.341" classname="SastoDeal"/>
  <testcase name="clickViewCart" time="8.697" classname="SastoDeal"/>
  <testcase name="clickProceedToCheckOut" time="10.403" classname="SastoDeal"/>
  <testcase name="clickProceedToPayment" time="3.655" classname="SastoDeal"/>
  <testcase name="clickPaymentMethod" time="68.321" classname="SastoDeal">
    <failure type="org.openqa.selenium.JavascriptException" message="javascript error: jQuery is not defined
  (Session info: chrome=101.0.4951.41)
Build info: version: &amp;apos;3.141.59&amp;apos;, revision: &amp;apos;e82be7d358&amp;apos;, time: &amp;apos;2018-11-14T08:17:03&amp;apos;
System info: host: &amp;apos;DESKTOP-P1HF71B&amp;apos;, ip: &amp;apos;10.139.14.107&amp;apos;, os.name: &amp;apos;Windows 10&amp;apos;, os.arch: &amp;apos;amd64&amp;apos;, os.version: &amp;apos;10.0&amp;apos;, java.version: &amp;apos;1.8.0_201&amp;apos;
Driver info: org.openqa.selenium.chrome.ChromeDriver
Capabilities {acceptInsecureCerts: false, browserName: chrome, browserVersion: 101.0.4951.41, chrome: {chromedriverVersion: 101.0.4951.41 (93c720db8323..., userDataDir: C:\Users\AMIR~1.MAN\AppData...}, goog:chromeOptions: {debuggerAddress: localhost:63274}, javascriptEnabled: true, networkConnectionEnabled: false, pageLoadStrategy: normal, platform: WINDOWS, platformName: WINDOWS, proxy: Proxy(), setWindowRect: true, strictFileInteractability: false, timeouts: {implicit: 0, pageLoad: 300000, script: 30000}, unhandledPromptBehavior: dismiss and notify, webauthn:extension:credBlob: true, webauthn:extension:largeBlob: true, webauthn:virtualAuthenticators: true}
Session ID: 45c45370644b2207acdbf1c36c304b71">
      <![CDATA[org.openqa.selenium.JavascriptException: javascript error: jQuery is not defined
  (Session info: chrome=101.0.4951.41)
Build info: version: '3.141.59', revision: 'e82be7d358', time: '2018-11-14T08:17:03'
System info: host: 'DESKTOP-P1HF71B', ip: '10.139.14.107', os.name: 'Windows 10', os.arch: 'amd64', os.version: '10.0', java.version: '1.8.0_201'
Driver info: org.openqa.selenium.chrome.ChromeDriver
Capabilities {acceptInsecureCerts: false, browserName: chrome, browserVersion: 101.0.4951.41, chrome: {chromedriverVersion: 101.0.4951.41 (93c720db8323..., userDataDir: C:\Users\AMIR~1.MAN\AppData...}, goog:chromeOptions: {debuggerAddress: localhost:63274}, javascriptEnabled: true, networkConnectionEnabled: false, pageLoadStrategy: normal, platform: WINDOWS, platformName: WINDOWS, proxy: Proxy(), setWindowRect: true, strictFileInteractability: false, timeouts: {implicit: 0, pageLoad: 300000, script: 30000}, unhandledPromptBehavior: dismiss and notify, webauthn:extension:credBlob: true, webauthn:extension:largeBlob: true, webauthn:virtualAuthenticators: true}
Session ID: 45c45370644b2207acdbf1c36c304b71
at org.openqa.selenium.remote.http.W3CHttpResponseCodec.createException(W3CHttpResponseCodec.java:187)
at org.openqa.selenium.remote.http.W3CHttpResponseCodec.decode(W3CHttpResponseCodec.java:122)
at org.openqa.selenium.remote.http.W3CHttpResponseCodec.decode(W3CHttpResponseCodec.java:49)
at org.openqa.selenium.remote.HttpCommandExecutor.execute(HttpCommandExecutor.java:158)
at org.openqa.selenium.remote.service.DriverCommandExecutor.execute(DriverCommandExecutor.java:83)
at org.openqa.selenium.remote.RemoteWebDriver.execute(RemoteWebDriver.java:552)
at org.openqa.selenium.remote.RemoteWebDriver.executeScript(RemoteWebDriver.java:489)
at SastoDeal.ajax(SastoDeal.java:21)
at SastoDeal.clickPaymentMethod(SastoDeal.java:139)
at com.intellij.rt.testng.IDEARemoteTestNG.run(IDEARemoteTestNG.java:66)
at com.intellij.rt.testng.RemoteTestNGStarter.main(RemoteTestNGStarter.java:109)
... Removed 26 stack frames]]>
    </failure>
  </testcase> <!-- clickPaymentMethod -->
</testsuite>
